Performing C SOURCE FILE Test CMAKE_HAVE_LIBC_PTHREAD failed with the following output:
Change Dir: /home/dynio/Development/DevWork/FlappyBirdAI/build/CMakeFiles/CMakeTmp

Run Build Command(s):/usr/bin/make -f Makefile cmTC_3d7d0/fast && /usr/bin/make  -f CMakeFiles/cmTC_3d7d0.dir/build.make CMakeFiles/cmTC_3d7d0.dir/build
make[1]: Entering directory '/home/dynio/Development/DevWork/FlappyBirdAI/build/CMakeFiles/CMakeTmp'
Building C object CMakeFiles/cmTC_3d7d0.dir/src.c.o
/bin/clang-10 -DCMAKE_HAVE_LIBC_PTHREAD   -MD -MT CMakeFiles/cmTC_3d7d0.dir/src.c.o -MF CMakeFiles/cmTC_3d7d0.dir/src.c.o.d -o CMakeFiles/cmTC_3d7d0.dir/src.c.o -c /home/dynio/Development/DevWork/FlappyBirdAI/build/CMakeFiles/CMakeTmp/src.c
Linking C executable cmTC_3d7d0
/snap/cmake/1005/bin/cmake -E cmake_link_script CMakeFiles/cmTC_3d7d0.dir/link.txt --verbose=1
/bin/clang-10 CMakeFiles/cmTC_3d7d0.dir/src.c.o -o cmTC_3d7d0 
/bin/ld: CMakeFiles/cmTC_3d7d0.dir/src.c.o: in function `main':
src.c:(.text+0x25): undefined reference to `pthread_create'
/bin/ld: src.c:(.text+0x31): undefined reference to `pthread_detach'
/bin/ld: src.c:(.text+0x3d): undefined reference to `pthread_cancel'
/bin/ld: src.c:(.text+0x4f): undefined reference to `pthread_join'
clang: error: linker command failed with exit code 1 (use -v to see invocation)
make[1]: *** [CMakeFiles/cmTC_3d7d0.dir/build.make:100: cmTC_3d7d0] Error 1
make[1]: Leaving directory '/home/dynio/Development/DevWork/FlappyBirdAI/build/CMakeFiles/CMakeTmp'
make: *** [Makefile:127: cmTC_3d7d0/fast] Error 2


Source file was:
#include <pthread.h>

static void* test_func(void* data)
{
  return data;
}

int main(void)
{
  pthread_t thread;
  pthread_create(&thread, NULL, test_func, NULL);
  pthread_detach(thread);
  pthread_cancel(thread);
  pthread_join(thread, NULL);
  pthread_atfork(NULL, NULL, NULL);
  pthread_exit(NULL);

  return 0;
}

Determining if the function pthread_create exists in the pthreads failed with the following output:
Change Dir: /home/dynio/Development/DevWork/FlappyBirdAI/build/CMakeFiles/CMakeTmp

Run Build Command(s):/usr/bin/make -f Makefile cmTC_53712/fast && /usr/bin/make  -f CMakeFiles/cmTC_53712.dir/build.make CMakeFiles/cmTC_53712.dir/build
make[1]: Entering directory '/home/dynio/Development/DevWork/FlappyBirdAI/build/CMakeFiles/CMakeTmp'
Building C object CMakeFiles/cmTC_53712.dir/CheckFunctionExists.c.o
/bin/clang-10   -DCHECK_FUNCTION_EXISTS=pthread_create -MD -MT CMakeFiles/cmTC_53712.dir/CheckFunctionExists.c.o -MF CMakeFiles/cmTC_53712.dir/CheckFunctionExists.c.o.d -o CMakeFiles/cmTC_53712.dir/CheckFunctionExists.c.o -c /snap/cmake/1005/share/cmake-3.22/Modules/CheckFunctionExists.c
Linking C executable cmTC_53712
/snap/cmake/1005/bin/cmake -E cmake_link_script CMakeFiles/cmTC_53712.dir/link.txt --verbose=1
/bin/clang-10  -DCHECK_FUNCTION_EXISTS=pthread_create CMakeFiles/cmTC_53712.dir/CheckFunctionExists.c.o -o cmTC_53712  -lpthreads 
/bin/ld: cannot find -lpthreads
clang: error: linker command failed with exit code 1 (use -v to see invocation)
make[1]: *** [CMakeFiles/cmTC_53712.dir/build.make:100: cmTC_53712] Error 1
make[1]: Leaving directory '/home/dynio/Development/DevWork/FlappyBirdAI/build/CMakeFiles/CMakeTmp'
make: *** [Makefile:127: cmTC_53712/fast] Error 2



